INFO 2024-02-01 19:17:51,623 autoreload 13260 10568 Watching for file changes with StatReloader
INFO 2024-02-01 19:18:47,281 autoreload 13260 10568 C:\Users\roman\Desktop\Work for IT\GeekBrains\lecture\FrameworkDjango\myproject\myproject\settings.py changed, reloading.
INFO 2024-02-01 19:18:47,919 autoreload 20148 18672 Watching for file changes with StatReloader
INFO 2024-02-01 19:19:24,569 autoreload 20148 18672 C:\Users\roman\Desktop\Work for IT\GeekBrains\lecture\FrameworkDjango\myproject\myproject\settings.py changed, reloading.
INFO 2024-02-01 19:19:25,552 autoreload 10568 13260 Watching for file changes with StatReloader
INFO 2024-02-01 21:54:30,249 autoreload 14204 20420 Watching for file changes with StatReloader
INFO 2024-02-01 21:56:08,525 autoreload 14204 20420 C:\Users\roman\Desktop\Work for IT\GeekBrains\lecture\FrameworkDjango\myproject\myproject\settings.py changed, reloading.
INFO 2024-02-01 21:56:09,280 autoreload 7040 1768 Watching for file changes with StatReloader
INFO 2024-02-01 21:57:38,404 autoreload 7040 1768 C:\Users\roman\Desktop\Work for IT\GeekBrains\lecture\FrameworkDjango\myproject\myproject\settings.py changed, reloading.
INFO 2024-02-01 21:57:39,056 autoreload 19664 21136 Watching for file changes with StatReloader
INFO 2024-02-01 21:58:16,739 autoreload 19664 21136 C:\Users\roman\Desktop\Work for IT\GeekBrains\lecture\FrameworkDjango\myproject\myproject\settings.py changed, reloading.
INFO 2024-02-01 22:00:04,774 autoreload 16016 19636 Watching for file changes with StatReloader
ERROR 2024-02-01 22:00:14,334 basehttp 16016 16496 "GET /les6/template/ HTTP/1.1" 500 59
ERROR 2024-02-01 22:00:33,043 basehttp 16016 16496 "GET / HTTP/1.1" 500 59
ERROR 2024-02-01 22:00:36,109 basehttp 16016 16496 "GET / HTTP/1.1" 500 59
ERROR 2024-02-01 22:01:01,644 basehttp 16016 16496 "GET /admin/ HTTP/1.1" 500 59
ERROR 2024-02-01 22:01:04,311 basehttp 16016 16496 "GET /admin/ HTTP/1.1" 500 59
INFO 2024-02-01 22:04:02,226 autoreload 16016 19636 C:\Users\roman\Desktop\Work for IT\GeekBrains\lecture\FrameworkDjango\myproject\myproject\settings.py changed, reloading.
INFO 2024-02-01 22:04:02,910 autoreload 21240 12396 Watching for file changes with StatReloader
ERROR 2024-02-01 22:04:06,124 basehttp 21240 4320 "GET / HTTP/1.1" 500 59
ERROR 2024-02-01 22:04:11,936 basehttp 21240 4320 "GET / HTTP/1.1" 500 59
INFO 2024-02-01 22:04:40,701 autoreload 23580 24104 Watching for file changes with StatReloader
ERROR 2024-02-01 22:04:46,303 basehttp 23580 14768 "GET / HTTP/1.1" 500 59
INFO 2024-02-01 22:07:47,171 autoreload 23580 24104 C:\Users\roman\Desktop\Work for IT\GeekBrains\lecture\FrameworkDjango\myproject\myproject\settings.py changed, reloading.
INFO 2024-02-01 22:07:47,840 autoreload 15900 10600 Watching for file changes with StatReloader
ERROR 2024-02-01 22:07:53,622 log 15900 18028 Internal Server Error: /
Traceback (most recent call last):
  File "C:\Users\roman\Desktop\Work for IT\GeekBrains\lecture\FrameworkDjango\myproject\.venv\lib\site-packages\django\urls\base.py", line 71, in reverse
    extra, resolver = resolver.namespace_dict[ns]
KeyError: 'djdt'

During handling of the above exception, another exception occurred:

Traceback (most recent call last):
  File "C:\Users\roman\Desktop\Work for IT\GeekBrains\lecture\FrameworkDjango\myproject\.venv\lib\site-packages\django\core\handlers\exception.py", line 55, in inner
    response = get_response(request)
  File "C:\Users\roman\Desktop\Work for IT\GeekBrains\lecture\FrameworkDjango\myproject\.venv\lib\site-packages\debug_toolbar\middleware.py", line 74, in __call__
    rendered = toolbar.render_toolbar()
  File "C:\Users\roman\Desktop\Work for IT\GeekBrains\lecture\FrameworkDjango\myproject\.venv\lib\site-packages\debug_toolbar\toolbar.py", line 82, in render_toolbar
    return render_to_string("debug_toolbar/base.html", context)
  File "C:\Users\roman\Desktop\Work for IT\GeekBrains\lecture\FrameworkDjango\myproject\.venv\lib\site-packages\django\template\loader.py", line 62, in render_to_string
    return template.render(context, request)
  File "C:\Users\roman\Desktop\Work for IT\GeekBrains\lecture\FrameworkDjango\myproject\.venv\lib\site-packages\django\template\backends\django.py", line 61, in render
    return self.template.render(context)
  File "C:\Users\roman\Desktop\Work for IT\GeekBrains\lecture\FrameworkDjango\myproject\.venv\lib\site-packages\django\template\base.py", line 171, in render
    return self._render(context)
  File "C:\Users\roman\Desktop\Work for IT\GeekBrains\lecture\FrameworkDjango\myproject\.venv\lib\site-packages\django\test\utils.py", line 111, in instrumented_test_render
    return self.nodelist.render(context)
  File "C:\Users\roman\Desktop\Work for IT\GeekBrains\lecture\FrameworkDjango\myproject\.venv\lib\site-packages\django\template\base.py", line 1000, in render
    return SafeString("".join([node.render_annotated(context) for node in self]))
  File "C:\Users\roman\Desktop\Work for IT\GeekBrains\lecture\FrameworkDjango\myproject\.venv\lib\site-packages\django\template\base.py", line 1000, in <listcomp>
    return SafeString("".join([node.render_annotated(context) for node in self]))
  File "C:\Users\roman\Desktop\Work for IT\GeekBrains\lecture\FrameworkDjango\myproject\.venv\lib\site-packages\django\template\base.py", line 961, in render_annotated
    return self.render(context)
  File "C:\Users\roman\Desktop\Work for IT\GeekBrains\lecture\FrameworkDjango\myproject\.venv\lib\site-packages\django\template\defaulttags.py", line 325, in render
    return nodelist.render(context)
  File "C:\Users\roman\Desktop\Work for IT\GeekBrains\lecture\FrameworkDjango\myproject\.venv\lib\site-packages\django\template\base.py", line 1000, in render
    return SafeString("".join([node.render_annotated(context) for node in self]))
  File "C:\Users\roman\Desktop\Work for IT\GeekBrains\lecture\FrameworkDjango\myproject\.venv\lib\site-packages\django\template\base.py", line 1000, in <listcomp>
    return SafeString("".join([node.render_annotated(context) for node in self]))
  File "C:\Users\roman\Desktop\Work for IT\GeekBrains\lecture\FrameworkDjango\myproject\.venv\lib\site-packages\django\template\base.py", line 961, in render_annotated
    return self.render(context)
  File "C:\Users\roman\Desktop\Work for IT\GeekBrains\lecture\FrameworkDjango\myproject\.venv\lib\site-packages\django\template\defaulttags.py", line 478, in render
    url = reverse(view_name, args=args, kwargs=kwargs, current_app=current_app)
  File "C:\Users\roman\Desktop\Work for IT\GeekBrains\lecture\FrameworkDjango\myproject\.venv\lib\site-packages\django\urls\base.py", line 82, in reverse
    raise NoReverseMatch("%s is not a registered namespace" % key)
django.urls.exceptions.NoReverseMatch: 'djdt' is not a registered namespace
ERROR 2024-02-01 22:07:53,628 basehttp 15900 18028 "GET / HTTP/1.1" 500 145962
INFO 2024-02-01 22:08:36,338 autoreload 15900 10600 C:\Users\roman\Desktop\Work for IT\GeekBrains\lecture\FrameworkDjango\myproject\myproject\urls.py changed, reloading.
INFO 2024-02-01 22:08:36,964 autoreload 20832 12608 Watching for file changes with StatReloader
INFO 2024-02-01 22:08:41,399 basehttp 20832 18548 "GET / HTTP/1.1" 200 10482
INFO 2024-02-01 22:08:41,435 basehttp 20832 23872 "GET /static/debug_toolbar/js/toolbar.js HTTP/1.1" 200 13404
INFO 2024-02-01 22:08:41,435 basehttp 20832 18548 "GET /static/debug_toolbar/css/toolbar.css HTTP/1.1" 200 12621
INFO 2024-02-01 22:08:41,437 basehttp 20832 15844 "GET /static/debug_toolbar/css/print.css HTTP/1.1" 200 43
INFO 2024-02-01 22:08:41,451 basehttp 20832 15844 "GET /static/debug_toolbar/js/utils.js HTTP/1.1" 200 4527
